<?xml version="1.0" encoding="UTF-8"?>
<!-- Generated by org.testng.reporters.JUnitXMLReporter -->
<testsuite ignored="0" hostname="LAPTOP-4V52DMIG" failures="0" tests="5" name="Test" time="60.145" errors="0" timestamp="2020-08-24T11:44:06 IST">
  <testcase classname="tests.FourTest" name="testFour" time="9.583"/>
  <testcase classname="tests.TwoTest" name="testTwo" time="8.727"/>
  <testcase classname="tests.LoginTest" name="login" time="4.267"/>
  <testcase classname="tests.LoginTest" name="login" time="14.027"/>
  <testcase classname="tests.ThreeTest" name="testThree" time="8.487"/>
</testsuite> <!-- Test -->
